<?xml version="1.0" encoding="UTF-8"?>
<!-- Generated by org.testng.reporters.JUnitXMLReporter -->
<testsuite ignored="0" hostname="lappy" failures="0" tests="5" name="testngTest" time="68.537" errors="0" timestamp="2024-02-18T13:11:08 IST">
  <testcase classname="www.lavatech.com.TestClass" name="signUp" time="12.566"/>
  <testcase classname="www.lavatech.com.TestClass" name="login" time="8.556"/>
  <testcase classname="www.lavatech.com.TestClass" name="cart" time="16.303"/>
  <testcase classname="www.lavatech.com.TestClass" name="placeOrder" time="20.009"/>
  <testcase classname="www.lavatech.com.TestClass" name="contactUs" time="8.655"/>
</testsuite> <!-- testngTest -->
