<?xml version="1.0" encoding="UTF-8"?>
<testng-results ignored="0" total="5" passed="5" failed="0" skipped="0">
  <reporter-output>
  </reporter-output>
  <suite started-at="2024-02-18T13:09:59 IST" name="softwaretesting" finished-at="2024-02-18T13:11:08 IST" duration-ms="68537">
    <groups>
    </groups>
    <test started-at="2024-02-18T13:09:59 IST" name="testngTest" finished-at="2024-02-18T13:11:08 IST" duration-ms="68537">
      <class name="www.lavatech.com.TestClass">
        <test-method is-config="true" signature="connectSite()[pri:0, instance:www.lavatech.com.TestClass@4fb3ee4e]" started-at="2024-02-18T13:09:59 IST" name="connectSite" finished-at="2024-02-18T13:10:02 IST" duration-ms="2288" status="PASS">
          <reporter-output>
          </reporter-output>
        </test-method> <!-- connectSite -->
        <test-method signature="signUp(java.lang.String,java.lang.String)[pri:0, instance:www.lavatech.com.TestClass@4fb3ee4e]" started-at="2024-02-18T13:10:02 IST" name="signUp" finished-at="2024-02-18T13:10:14 IST" duration-ms="12566" status="PASS">
          <params>
            <param index="0">
              <value>
                <![CDATA[Duser123]]>
              </value>
            </param>
            <param index="1">
              <value>
                <![CDATA[dummyuser@123]]>
              </value>
            </param>
          </params>
          <reporter-output>
          </reporter-output>
        </test-method> <!-- signUp -->
        <test-method signature="login(java.lang.String,java.lang.String)[pri:1, instance:www.lavatech.com.TestClass@4fb3ee4e]" started-at="2024-02-18T13:10:14 IST" name="login" finished-at="2024-02-18T13:10:23 IST" duration-ms="8556" status="PASS">
          <params>
            <param index="0">
              <value>
                <![CDATA[Duser123]]>
              </value>
            </param>
            <param index="1">
              <value>
                <![CDATA[dummyuser@123]]>
              </value>
            </param>
          </params>
          <reporter-output>
          </reporter-output>
        </test-method> <!-- login -->
        <test-method signature="cart()[pri:2, instance:www.lavatech.com.TestClass@4fb3ee4e]" started-at="2024-02-18T13:10:23 IST" name="cart" finished-at="2024-02-18T13:10:39 IST" duration-ms="16303" status="PASS">
          <reporter-output>
          </reporter-output>
        </test-method> <!-- cart -->
        <test-method signature="placeOrder()[pri:3, instance:www.lavatech.com.TestClass@4fb3ee4e]" started-at="2024-02-18T13:10:39 IST" name="placeOrder" finished-at="2024-02-18T13:10:59 IST" duration-ms="20009" status="PASS">
          <reporter-output>
          </reporter-output>
        </test-method> <!-- placeOrder -->
        <test-method signature="contactUs()[pri:4, instance:www.lavatech.com.TestClass@4fb3ee4e]" started-at="2024-02-18T13:10:59 IST" name="contactUs" finished-at="2024-02-18T13:11:08 IST" duration-ms="8655" status="PASS">
          <reporter-output>
          </reporter-output>
        </test-method> <!-- contactUs -->
        <test-method is-config="true" signature="closeSite()[pri:0, instance:www.lavatech.com.TestClass@4fb3ee4e]" started-at="2024-02-18T13:11:08 IST" name="closeSite" finished-at="2024-02-18T13:11:08 IST" duration-ms="100" status="PASS">
          <reporter-output>
          </reporter-output>
        </test-method> <!-- closeSite -->
      </class> <!-- www.lavatech.com.TestClass -->
    </test> <!-- testngTest -->
  </suite> <!-- softwaretesting -->
</testng-results>
